<?xml version="1.0" encoding="UTF-8"?>
<testng-results ignored="0" total="8" passed="7" failed="1" skipped="0">
  <reporter-output>
  </reporter-output>
  <suite started-at="2022-05-12T18:22:43 IST" name="Default suite" finished-at="2022-05-12T18:23:22 IST" duration-ms="39502">
    <groups>
    </groups>
    <test started-at="2022-05-12T18:22:43 IST" name="Default test" finished-at="2022-05-12T18:23:22 IST" duration-ms="39502">
      <class name="Scenario_component.Login_rediff">
        <test-method is-config="true" signature="runFirst()[pri:0, instance:Scenario_component.Login_rediff@45b4c3a9]" started-at="2022-05-12T18:22:43 IST" name="runFirst" finished-at="2022-05-12T18:22:43 IST" duration-ms="8" status="PASS">
          <reporter-output>
          </reporter-output>
        </test-method> <!-- runFirst -->
        <test-method is-config="true" signature="launchApp()[pri:0, instance:Scenario_component.Login_rediff@45b4c3a9]" started-at="2022-05-12T18:22:43 IST" name="launchApp" finished-at="2022-05-12T18:22:46 IST" duration-ms="3064" status="PASS">
          <reporter-output>
          </reporter-output>
        </test-method> <!-- launchApp -->
        <test-method signature="test_Invalid_login(java.util.Map)[pri:0, instance:Scenario_component.Login_rediff@45b4c3a9]" started-at="2022-05-12T18:22:46 IST" name="test_Invalid_login" data-provider="dp_Invalidlogin" finished-at="2022-05-12T18:22:49 IST" duration-ms="2492" status="FAIL">
          <params>
            <param index="0">
              <value>
                <![CDATA[{UNAME=qtwor1, TC_ID=GB_01, ORDER_SET=1.0, SCRIPT_NAME=Invalid, EXECUTE_FLAG=Y, PWD=learn123, EXP_RESULT=Sorry we were unable to complet}]]>
              </value>
            </param>
          </params>
          <exception class="java.lang.AssertionError">
            <message>
              <![CDATA[The following asserts failed:
failed and expected result is Sorry we were unable to complet and actual result is Sorry we were unable to complete this step because :]]>
            </message>
            <full-stacktrace>
              <![CDATA[java.lang.AssertionError: The following asserts failed:
failed and expected result is Sorry we were unable to complet and actual result is Sorry we were unable to complete this step because :
at org.testng.asserts.SoftAssert.assertAll(SoftAssert.java:46)
at org.testng.asserts.SoftAssert.assertAll(SoftAssert.java:30)
at Scenario_component.Login_rediff.test_Invalid_login(Login_rediff.java:55)
at java.base/jdk.internal.reflect.NativeMethodAccessorImpl.invoke0(Native Method)
at java.base/jdk.internal.reflect.NativeMethodAccessorImpl.invoke(NativeMethodAccessorImpl.java:77)
at java.base/jdk.internal.reflect.DelegatingMethodAccessorImpl.invoke(DelegatingMethodAccessorImpl.java:43)
at java.base/java.lang.reflect.Method.invoke(Method.java:568)
at org.testng.internal.invokers.MethodInvocationHelper.invokeMethod(MethodInvocationHelper.java:135)
at org.testng.internal.invokers.TestInvoker.invokeMethod(TestInvoker.java:673)
at org.testng.internal.invokers.TestInvoker.invokeTestMethod(TestInvoker.java:220)
at org.testng.internal.invokers.MethodRunner.runInSequence(MethodRunner.java:50)
at org.testng.internal.invokers.TestInvoker$MethodInvocationAgent.invoke(TestInvoker.java:945)
at org.testng.internal.invokers.TestInvoker.invokeTestMethods(TestInvoker.java:193)
at org.testng.internal.invokers.TestMethodWorker.invokeTestMethods(TestMethodWorker.java:146)
at org.testng.internal.invokers.TestMethodWorker.run(TestMethodWorker.java:128)
at java.base/java.util.ArrayList.forEach(ArrayList.java:1511)
at org.testng.TestRunner.privateRun(TestRunner.java:808)
at org.testng.TestRunner.run(TestRunner.java:603)
at org.testng.SuiteRunner.runTest(SuiteRunner.java:429)
at org.testng.SuiteRunner.runSequentially(SuiteRunner.java:423)
at org.testng.SuiteRunner.privateRun(SuiteRunner.java:383)
at org.testng.SuiteRunner.run(SuiteRunner.java:326)
at org.testng.SuiteRunnerWorker.runSuite(SuiteRunnerWorker.java:52)
at org.testng.SuiteRunnerWorker.run(SuiteRunnerWorker.java:95)
at org.testng.TestNG.runSuitesSequentially(TestNG.java:1249)
at org.testng.TestNG.runSuitesLocally(TestNG.java:1169)
at org.testng.TestNG.runSuites(TestNG.java:1092)
at org.testng.TestNG.run(TestNG.java:1060)
at org.testng.remote.AbstractRemoteTestNG.run(AbstractRemoteTestNG.java:115)
at org.testng.remote.RemoteTestNG.initAndRun(RemoteTestNG.java:251)
at org.testng.remote.RemoteTestNG.main(RemoteTestNG.java:77)
]]>
            </full-stacktrace>
          </exception> <!-- java.lang.AssertionError -->
          <reporter-output>
          </reporter-output>
        </test-method> <!-- test_Invalid_login -->
        <test-method is-config="true" signature="teardown()[pri:0, instance:Scenario_component.Login_rediff@45b4c3a9]" started-at="2022-05-12T18:22:49 IST" name="teardown" finished-at="2022-05-12T18:22:49 IST" duration-ms="156" status="PASS">
          <reporter-output>
          </reporter-output>
        </test-method> <!-- teardown -->
        <test-method is-config="true" signature="launchApp()[pri:0, instance:Scenario_component.Login_rediff@45b4c3a9]" started-at="2022-05-12T18:22:49 IST" name="launchApp" finished-at="2022-05-12T18:22:51 IST" duration-ms="2537" status="PASS">
          <reporter-output>
          </reporter-output>
        </test-method> <!-- launchApp -->
        <test-method signature="test_Invalid_login(java.util.Map)[pri:0, instance:Scenario_component.Login_rediff@45b4c3a9]" started-at="2022-05-12T18:22:51 IST" name="test_Invalid_login" data-provider="dp_Invalidlogin" finished-at="2022-05-12T18:22:54 IST" duration-ms="2309" status="PASS">
          <params>
            <param index="0">
              <value>
                <![CDATA[{UNAME=qtwor2, TC_ID=GB_01, ORDER_SET=2.0, SCRIPT_NAME=Invalid, EXECUTE_FLAG=Y, PWD=learn123, EXP_RESULT=Sorry we were unable to complete this step because :}]]>
              </value>
            </param>
          </params>
          <reporter-output>
          </reporter-output>
        </test-method> <!-- test_Invalid_login -->
        <test-method is-config="true" signature="teardown()[pri:0, instance:Scenario_component.Login_rediff@45b4c3a9]" started-at="2022-05-12T18:22:54 IST" name="teardown" finished-at="2022-05-12T18:22:54 IST" duration-ms="144" status="PASS">
          <reporter-output>
          </reporter-output>
        </test-method> <!-- teardown -->
        <test-method is-config="true" signature="launchApp()[pri:0, instance:Scenario_component.Login_rediff@45b4c3a9]" started-at="2022-05-12T18:22:54 IST" name="launchApp" finished-at="2022-05-12T18:22:56 IST" duration-ms="2533" status="PASS">
          <reporter-output>
          </reporter-output>
        </test-method> <!-- launchApp -->
        <test-method signature="test_Invalid_login(java.util.Map)[pri:0, instance:Scenario_component.Login_rediff@45b4c3a9]" started-at="2022-05-12T18:22:56 IST" name="test_Invalid_login" data-provider="dp_Invalidlogin" finished-at="2022-05-12T18:22:58 IST" duration-ms="2090" status="PASS">
          <params>
            <param index="0">
              <value>
                <![CDATA[{UNAME=qtpworld2008@gmail.com, TC_ID=GB_02, ORDER_SET=1.0, SCRIPT_NAME=Invalid, EXECUTE_FLAG=Y, PWD=lop123, EXP_RESULT=Sorry we were unable to complete this step because :}]]>
              </value>
            </param>
          </params>
          <reporter-output>
          </reporter-output>
        </test-method> <!-- test_Invalid_login -->
        <test-method is-config="true" signature="teardown()[pri:0, instance:Scenario_component.Login_rediff@45b4c3a9]" started-at="2022-05-12T18:22:58 IST" name="teardown" finished-at="2022-05-12T18:22:58 IST" duration-ms="118" status="PASS">
          <reporter-output>
          </reporter-output>
        </test-method> <!-- teardown -->
        <test-method is-config="true" signature="launchApp()[pri:0, instance:Scenario_component.Login_rediff@45b4c3a9]" started-at="2022-05-12T18:22:58 IST" name="launchApp" finished-at="2022-05-12T18:23:01 IST" duration-ms="2200" status="PASS">
          <reporter-output>
          </reporter-output>
        </test-method> <!-- launchApp -->
        <test-method signature="test_Invalid_login(java.util.Map)[pri:0, instance:Scenario_component.Login_rediff@45b4c3a9]" started-at="2022-05-12T18:23:01 IST" name="test_Invalid_login" data-provider="dp_Invalidlogin" finished-at="2022-05-12T18:23:03 IST" duration-ms="2346" status="PASS">
          <params>
            <param index="0">
              <value>
                <![CDATA[{UNAME=qtr, TC_ID=GB_03, ORDER_SET=1.0, SCRIPT_NAME=Invalid, EXECUTE_FLAG=Y, PWD=port12, EXP_RESULT=Sorry we were unable to complete this step because :}]]>
              </value>
            </param>
          </params>
          <reporter-output>
          </reporter-output>
        </test-method> <!-- test_Invalid_login -->
        <test-method is-config="true" signature="teardown()[pri:0, instance:Scenario_component.Login_rediff@45b4c3a9]" started-at="2022-05-12T18:23:03 IST" name="teardown" finished-at="2022-05-12T18:23:03 IST" duration-ms="117" status="PASS">
          <reporter-output>
          </reporter-output>
        </test-method> <!-- teardown -->
        <test-method is-config="true" signature="launchApp()[pri:0, instance:Scenario_component.Login_rediff@45b4c3a9]" started-at="2022-05-12T18:23:03 IST" name="launchApp" finished-at="2022-05-12T18:23:06 IST" duration-ms="2532" status="PASS">
          <reporter-output>
          </reporter-output>
        </test-method> <!-- launchApp -->
        <test-method signature="test_Invalid_login(java.util.Map)[pri:0, instance:Scenario_component.Login_rediff@45b4c3a9]" started-at="2022-05-12T18:23:06 IST" name="test_Invalid_login" data-provider="dp_Invalidlogin" finished-at="2022-05-12T18:23:08 IST" duration-ms="2266" status="PASS">
          <params>
            <param index="0">
              <value>
                <![CDATA[{UNAME=, TC_ID=GB_04, ORDER_SET=1.0, SCRIPT_NAME=Invalid, EXECUTE_FLAG=Y, PWD=learn123, EXP_RESULT=Sorry we were unable to complete this step because :}]]>
              </value>
            </param>
          </params>
          <reporter-output>
          </reporter-output>
        </test-method> <!-- test_Invalid_login -->
        <test-method is-config="true" signature="teardown()[pri:0, instance:Scenario_component.Login_rediff@45b4c3a9]" started-at="2022-05-12T18:23:08 IST" name="teardown" finished-at="2022-05-12T18:23:08 IST" duration-ms="138" status="PASS">
          <reporter-output>
          </reporter-output>
        </test-method> <!-- teardown -->
        <test-method is-config="true" signature="launchApp()[pri:0, instance:Scenario_component.Login_rediff@45b4c3a9]" started-at="2022-05-12T18:23:08 IST" name="launchApp" finished-at="2022-05-12T18:23:10 IST" duration-ms="2412" status="PASS">
          <reporter-output>
          </reporter-output>
        </test-method> <!-- launchApp -->
        <test-method signature="test_Invalid_login(java.util.Map)[pri:0, instance:Scenario_component.Login_rediff@45b4c3a9]" started-at="2022-05-12T18:23:10 IST" name="test_Invalid_login" data-provider="dp_Invalidlogin" finished-at="2022-05-12T18:23:13 IST" duration-ms="2153" status="PASS">
          <params>
            <param index="0">
              <value>
                <![CDATA[{UNAME=qtpworld2008@gmail.com, TC_ID=GB_05, ORDER_SET=1.0, SCRIPT_NAME=Invalid, EXECUTE_FLAG=Y, PWD=, EXP_RESULT=Sorry we were unable to complete this step because :}]]>
              </value>
            </param>
          </params>
          <reporter-output>
          </reporter-output>
        </test-method> <!-- test_Invalid_login -->
        <test-method is-config="true" signature="teardown()[pri:0, instance:Scenario_component.Login_rediff@45b4c3a9]" started-at="2022-05-12T18:23:13 IST" name="teardown" finished-at="2022-05-12T18:23:13 IST" duration-ms="129" status="PASS">
          <reporter-output>
          </reporter-output>
        </test-method> <!-- teardown -->
        <test-method is-config="true" signature="launchApp()[pri:0, instance:Scenario_component.Login_rediff@45b4c3a9]" started-at="2022-05-12T18:23:13 IST" name="launchApp" finished-at="2022-05-12T18:23:15 IST" duration-ms="2307" status="PASS">
          <reporter-output>
          </reporter-output>
        </test-method> <!-- launchApp -->
        <test-method signature="test_Invalid_login(java.util.Map)[pri:0, instance:Scenario_component.Login_rediff@45b4c3a9]" started-at="2022-05-12T18:23:15 IST" name="test_Invalid_login" data-provider="dp_Invalidlogin" finished-at="2022-05-12T18:23:17 IST" duration-ms="2164" status="PASS">
          <params>
            <param index="0">
              <value>
                <![CDATA[{UNAME=, TC_ID=GB_06, ORDER_SET=1.0, SCRIPT_NAME=Invalid, EXECUTE_FLAG=Y, PWD=, EXP_RESULT=Sorry we were unable to complete this step because :}]]>
              </value>
            </param>
          </params>
          <reporter-output>
          </reporter-output>
        </test-method> <!-- test_Invalid_login -->
        <test-method is-config="true" signature="teardown()[pri:0, instance:Scenario_component.Login_rediff@45b4c3a9]" started-at="2022-05-12T18:23:17 IST" name="teardown" finished-at="2022-05-12T18:23:17 IST" duration-ms="131" status="PASS">
          <reporter-output>
          </reporter-output>
        </test-method> <!-- teardown -->
        <test-method is-config="true" signature="launchApp()[pri:0, instance:Scenario_component.Login_rediff@45b4c3a9]" started-at="2022-05-12T18:23:17 IST" name="launchApp" finished-at="2022-05-12T18:23:20 IST" duration-ms="2269" status="PASS">
          <reporter-output>
          </reporter-output>
        </test-method> <!-- launchApp -->
        <test-method signature="test_Valid_login(java.util.Map)[pri:0, instance:Scenario_component.Login_rediff@45b4c3a9]" started-at="2022-05-12T18:23:20 IST" name="test_Valid_login" data-provider="dp_Validlogin" finished-at="2022-05-12T18:23:22 IST" duration-ms="2238" status="PASS">
          <params>
            <param index="0">
              <value>
                <![CDATA[{UNAME=qtpworld2008@gmail.com, TC_ID=GB_07, ORDER_SET=1.0, SCRIPT_NAME=Valid, EXECUTE_FLAG=Y, PWD=learn123, EXP_RESULT=Hi qtpworld2008}]]>
              </value>
            </param>
          </params>
          <reporter-output>
          </reporter-output>
        </test-method> <!-- test_Valid_login -->
        <test-method is-config="true" signature="teardown()[pri:0, instance:Scenario_component.Login_rediff@45b4c3a9]" started-at="2022-05-12T18:23:22 IST" name="teardown" finished-at="2022-05-12T18:23:22 IST" duration-ms="134" status="PASS">
          <reporter-output>
          </reporter-output>
        </test-method> <!-- teardown -->
        <test-method is-config="true" signature="runLast()[pri:0, instance:Scenario_component.Login_rediff@45b4c3a9]" started-at="2022-05-12T18:23:22 IST" name="runLast" finished-at="2022-05-12T18:23:22 IST" duration-ms="0" status="PASS">
          <reporter-output>
          </reporter-output>
        </test-method> <!-- runLast -->
      </class> <!-- Scenario_component.Login_rediff -->
    </test> <!-- Default test -->
  </suite> <!-- Default suite -->
</testng-results>
