<?xml version="1.0" encoding="UTF-8"?>
<!-- Generated by org.testng.reporters.JUnitXMLReporter -->
<testsuite ignored="0" hostname="DESKTOP-GHO9U30" failures="0" tests="7" name="Default test" time="1.966" errors="0" timestamp="2022-07-08T22:31:31 CEST">
  <testcase classname="Generic_Component.Base_class" name="@BeforeMethod launchApp" time="1.349">
    <failure type="org.openqa.selenium.SessionNotCreatedException" message="Could not start a new session. Response code 500. Message: session not created: This version of ChromeDriver only supports Chrome version 100
Current browser version is 103.0.5060.114 with binary path C:\Users\Dell\AppData\Local\Google\Chrome\Application\chrome.exe
Build info: version: &amp;apos;4.1.3&amp;apos;, revision: &amp;apos;7b1ebf28ef&amp;apos;
System info: host: &amp;apos;DESKTOP-GHO9U30&amp;apos;, ip: &amp;apos;192.168.2.177&amp;apos;, os.name: &amp;apos;Windows 11&amp;apos;, os.arch: &amp;apos;amd64&amp;apos;, os.version: &amp;apos;10.0&amp;apos;, java.version: &amp;apos;17.0.2&amp;apos;
Driver info: org.openqa.selenium.chrome.ChromeDriver
Command: [null, newSession {capabilities=[Capabilities {browserName: chrome, goog:chromeOptions: {args: [], extensions: []}}], desiredCapabilities=Capabilities {browserName: chrome, goog:chromeOptions: {args: [], extensions: []}}}]">
      <![CDATA[org.openqa.selenium.SessionNotCreatedException: Could not start a new session. Response code 500. Message: session not created: This version of ChromeDriver only supports Chrome version 100
Current browser version is 103.0.5060.114 with binary path C:\Users\Dell\AppData\Local\Google\Chrome\Application\chrome.exe
Build info: version: '4.1.3', revision: '7b1ebf28ef'
System info: host: 'DESKTOP-GHO9U30', ip: '192.168.2.177', os.name: 'Windows 11', os.arch: 'amd64', os.version: '10.0', java.version: '17.0.2'
Driver info: org.openqa.selenium.chrome.ChromeDriver
Command: [null, newSession {capabilities=[Capabilities {browserName: chrome, goog:chromeOptions: {args: [], extensions: []}}], desiredCapabilities=Capabilities {browserName: chrome, goog:chromeOptions: {args: [], extensions: []}}}]
at org.openqa.selenium.remote.ProtocolHandshake.createSession(ProtocolHandshake.java:126)
at org.openqa.selenium.remote.ProtocolHandshake.createSession(ProtocolHandshake.java:84)
at org.openqa.selenium.remote.ProtocolHandshake.createSession(ProtocolHandshake.java:62)
at org.openqa.selenium.remote.HttpCommandExecutor.execute(HttpCommandExecutor.java:156)
at org.openqa.selenium.remote.service.DriverCommandExecutor.invokeExecute(DriverCommandExecutor.java:167)
at org.openqa.selenium.remote.service.DriverCommandExecutor.execute(DriverCommandExecutor.java:142)
at org.openqa.selenium.remote.RemoteWebDriver.execute(RemoteWebDriver.java:567)
at org.openqa.selenium.remote.RemoteWebDriver.startSession(RemoteWebDriver.java:248)
at org.openqa.selenium.remote.RemoteWebDriver.<init>(RemoteWebDriver.java:164)
at org.openqa.selenium.chromium.ChromiumDriver.<init>(ChromiumDriver.java:108)
at org.openqa.selenium.chrome.ChromeDriver.<init>(ChromeDriver.java:106)
at org.openqa.selenium.chrome.ChromeDriver.<init>(ChromeDriver.java:93)
at org.openqa.selenium.chrome.ChromeDriver.<init>(ChromeDriver.java:48)
at Generic_Component.Base_class.launchApp(Base_class.java:31)
at java.base/jdk.internal.reflect.NativeMethodAccessorImpl.invoke0(Native Method)
at java.base/jdk.internal.reflect.NativeMethodAccessorImpl.invoke(NativeMethodAccessorImpl.java:77)
at java.base/jdk.internal.reflect.DelegatingMethodAccessorImpl.invoke(DelegatingMethodAccessorImpl.java:43)
at java.base/java.lang.reflect.Method.invoke(Method.java:568)
at org.testng.internal.MethodInvocationHelper.invokeMethod(MethodInvocationHelper.java:134)
at org.testng.internal.MethodInvocationHelper.invokeMethodConsideringTimeout(MethodInvocationHelper.java:63)
at org.testng.internal.ConfigInvoker.invokeConfigurationMethod(ConfigInvoker.java:348)
at org.testng.internal.ConfigInvoker.invokeConfigurations(ConfigInvoker.java:302)
at org.testng.internal.TestInvoker.runConfigMethods(TestInvoker.java:695)
at org.testng.internal.TestInvoker.invokeMethod(TestInvoker.java:523)
at org.testng.internal.TestInvoker.invokeTestMethod(TestInvoker.java:173)
at org.testng.internal.MethodRunner.runInSequence(MethodRunner.java:46)
at org.testng.internal.TestInvoker$MethodInvocationAgent.invoke(TestInvoker.java:816)
at org.testng.internal.TestInvoker.invokeTestMethods(TestInvoker.java:146)
at org.testng.internal.TestMethodWorker.invokeTestMethods(TestMethodWorker.java:146)
at org.testng.internal.TestMethodWorker.run(TestMethodWorker.java:128)
at java.base/java.util.ArrayList.forEach(ArrayList.java:1511)
at org.testng.TestRunner.privateRun(TestRunner.java:766)
at org.testng.TestRunner.run(TestRunner.java:587)
at org.testng.SuiteRunner.runTest(SuiteRunner.java:384)
at org.testng.SuiteRunner.runSequentially(SuiteRunner.java:378)
at org.testng.SuiteRunner.privateRun(SuiteRunner.java:337)
at org.testng.SuiteRunner.run(SuiteRunner.java:286)
at org.testng.SuiteRunnerWorker.runSuite(SuiteRunnerWorker.java:53)
at org.testng.SuiteRunnerWorker.run(SuiteRunnerWorker.java:96)
at org.testng.TestNG.runSuitesSequentially(TestNG.java:1187)
at org.testng.TestNG.runSuitesLocally(TestNG.java:1109)
at org.testng.TestNG.runSuites(TestNG.java:1039)
at org.testng.TestNG.run(TestNG.java:1007)
at org.testng.remote.AbstractRemoteTestNG.run(AbstractRemoteTestNG.java:115)
at org.testng.remote.RemoteTestNG.initAndRun(RemoteTestNG.java:251)
at org.testng.remote.RemoteTestNG.main(RemoteTestNG.java:77)
]]>
    </failure>
  </testcase> <!-- @BeforeMethod launchApp -->
  <testcase classname="Generic_Component.Base_class" name="@AfterMethod teardown" time="-1.657312291595E9">
    <skipped/>
  </testcase> <!-- @AfterMethod teardown -->
  <testcase classname="Generic_Component.Base_class" name="@BeforeMethod launchApp" time="-1.657312291596E9">
    <skipped/>
  </testcase> <!-- @BeforeMethod launchApp -->
  <testcase classname="Generic_Component.Base_class" name="@AfterMethod teardown" time="-1.657312291599E9">
    <skipped/>
  </testcase> <!-- @AfterMethod teardown -->
  <testcase classname="Generic_Component.Base_class" name="@BeforeMethod launchApp" time="-1.6573122916E9">
    <skipped/>
  </testcase> <!-- @BeforeMethod launchApp -->
  <testcase classname="Generic_Component.Base_class" name="@AfterMethod teardown" time="-1.657312291603E9">
    <skipped/>
  </testcase> <!-- @AfterMethod teardown -->
  <testcase classname="Generic_Component.Base_class" name="@BeforeMethod launchApp" time="-1.657312291605E9">
    <skipped/>
  </testcase> <!-- @BeforeMethod launchApp -->
  <testcase classname="Generic_Component.Base_class" name="@AfterMethod teardown" time="-1.657312291609E9">
    <skipped/>
  </testcase> <!-- @AfterMethod teardown -->
  <testcase classname="Generic_Component.Base_class" name="@BeforeMethod launchApp" time="-1.65731229161E9">
    <skipped/>
  </testcase> <!-- @BeforeMethod launchApp -->
  <testcase classname="Generic_Component.Base_class" name="@AfterMethod teardown" time="-1.657312291613E9">
    <skipped/>
  </testcase> <!-- @AfterMethod teardown -->
  <testcase classname="Generic_Component.Base_class" name="@BeforeMethod launchApp" time="-1.657312291613E9">
    <skipped/>
  </testcase> <!-- @BeforeMethod launchApp -->
  <testcase classname="Generic_Component.Base_class" name="@AfterMethod teardown" time="-1.657312291616E9">
    <skipped/>
  </testcase> <!-- @AfterMethod teardown -->
  <testcase classname="Generic_Component.Base_class" name="@BeforeMethod launchApp" time="-1.657312291617E9">
    <skipped/>
  </testcase> <!-- @BeforeMethod launchApp -->
  <testcase classname="Generic_Component.Base_class" name="@AfterMethod teardown" time="-1.657312291621E9">
    <skipped/>
  </testcase> <!-- @AfterMethod teardown -->
  <testcase classname="Scenario_component.Login_rediff" name="test_Invalid_login" time="0.0">
    <skipped/>
  </testcase> <!-- test_Invalid_login -->
  <testcase classname="Scenario_component.Login_rediff" name="test_Invalid_login" time="0.0">
    <skipped/>
  </testcase> <!-- test_Invalid_login -->
  <testcase classname="Scenario_component.Login_rediff" name="test_Invalid_login" time="0.0">
    <skipped/>
  </testcase> <!-- test_Invalid_login -->
  <testcase classname="Scenario_component.Login_rediff" name="test_Invalid_login" time="0.0">
    <skipped/>
  </testcase> <!-- test_Invalid_login -->
  <testcase classname="Scenario_component.Login_rediff" name="test_Invalid_login" time="0.0">
    <skipped/>
  </testcase> <!-- test_Invalid_login -->
  <testcase classname="Scenario_component.Login_rediff" name="test_Invalid_login" time="0.0">
    <skipped/>
  </testcase> <!-- test_Invalid_login -->
  <testcase classname="Scenario_component.Login_rediff" name="test_Invalid_login" time="0.0">
    <skipped/>
  </testcase> <!-- test_Invalid_login -->
</testsuite> <!-- Default test -->
