<?xml version="1.0" encoding="UTF-8"?>
<!-- Generated by org.testng.reporters.JUnitXMLReporter -->
<testsuite ignored="3" hostname="DESKTOP-GHO9U30" failures="1" tests="3" name="Regression1" time="9.886" errors="0" timestamp="2022-05-15T18:05:34 IST">
  <testcase classname="Generic_Component.Base_class" name="@AfterMethod teardown" time="0.122">
    <failure type="java.lang.NullPointerException" message="Cannot invoke &amp;quot;com.relevantcodes.extentreports.ExtentReports.endTest(com.relevantcodes.extentreports.ExtentTest)&amp;quot; because &amp;quot;this.extReport&amp;quot; is null">
      <![CDATA[java.lang.NullPointerException: Cannot invoke "com.relevantcodes.extentreports.ExtentReports.endTest(com.relevantcodes.extentreports.ExtentTest)" because "this.extReport" is null
at Generic_Component.Base_class.teardown(Base_class.java:71)
at java.base/java.util.ArrayList.forEach(ArrayList.java:1511)
... Removed 32 stack frames]]>
    </failure>
  </testcase> <!-- @AfterMethod teardown -->
  <testcase classname="Generic_Component.Base_class" name="@AfterMethod teardown" time="0.118">
    <failure type="java.lang.NullPointerException" message="Cannot invoke &amp;quot;com.relevantcodes.extentreports.ExtentReports.endTest(com.relevantcodes.extentreports.ExtentTest)&amp;quot; because &amp;quot;this.extReport&amp;quot; is null">
      <![CDATA[java.lang.NullPointerException: Cannot invoke "com.relevantcodes.extentreports.ExtentReports.endTest(com.relevantcodes.extentreports.ExtentTest)" because "this.extReport" is null
at Generic_Component.Base_class.teardown(Base_class.java:71)
at java.base/java.util.ArrayList.forEach(ArrayList.java:1511)
... Removed 32 stack frames]]>
    </failure>
  </testcase> <!-- @AfterMethod teardown -->
  <testcase classname="Generic_Component.Base_class" name="@BeforeMethod launchApp" time="-1.652618134681E9">
    <skipped/>
  </testcase> <!-- @BeforeMethod launchApp -->
  <testcase classname="Generic_Component.Base_class" name="@AfterMethod teardown" time="-1.652618134684E9">
    <skipped/>
  </testcase> <!-- @AfterMethod teardown -->
  <testcase classname="Scenario_component.Search_rediff" name="test_ValidSearch" time="0.906"/>
  <testcase classname="Scenario_component.Login_rediff" name="test_Invalid_login" time="2.586">
    <failure type="java.lang.NullPointerException" message="Cannot invoke &amp;quot;com.relevantcodes.extentreports.ExtentReports.startTest(String)&amp;quot; because &amp;quot;this.extReport&amp;quot; is null">
      <![CDATA[java.lang.NullPointerException: Cannot invoke "com.relevantcodes.extentreports.ExtentReports.startTest(String)" because "this.extReport" is null
at Scenario_component.Login_rediff.test_Invalid_login(Login_rediff.java:39)
at java.base/java.util.ArrayList.forEach(ArrayList.java:1511)
... Removed 27 stack frames]]>
    </failure>
  </testcase> <!-- test_Invalid_login -->
  <testcase classname="Scenario_component.Login_rediff" name="test_Valid_login" time="0.0">
    <skipped/>
  </testcase> <!-- test_Valid_login -->
  <testcase classname="Generic_Component.Base_class" name="@AfterTest runLast" time="0.0">
    <ignored/>
  </testcase> <!-- @AfterTest runLast -->
  <testcase classname="Generic_Component.Base_class" name="@BeforeTest runFirst" time="0.0">
    <ignored/>
  </testcase> <!-- @BeforeTest runFirst -->
  <testcase classname="Scenario_component.Search_rediff" name="test_InvalidSearch" time="0.0">
    <ignored/>
  </testcase> <!-- test_InvalidSearch -->
</testsuite> <!-- Regression1 -->
